<?xml version="1.0" encoding="UTF-8"?>
<!-- Generated by org.testng.reporters.JUnitReportReporter -->
<testsuite hostname="LAPTOP-FO3B0EN3" failures="0" tests="1" name="TestNG.Listener" time="13.204" errors="0" timestamp="2022-11-09T11:39:44 IST" skipped="0">
  <testcase classname="TestNG.Listener" name="launchApp" time="13.204"/>
  <system-out/>
</testsuite> <!-- TestNG.Listener -->
