<?xml version="1.0" encoding="UTF-8"?>
<!-- Generated by org.testng.reporters.JUnitReportReporter -->
<testsuite hostname="LAPTOP-FO3B0EN3" failures="0" tests="2" name="TestNG.priority" time="11.365" errors="0" timestamp="2022-11-09T12:33:36 IST" skipped="0">
  <testcase classname="TestNG.priority" name="cetup" time="11.351"/>
  <system-out/>
  <testcase classname="TestNG.priority" name="heckTitle" time="0.014"/>
  <system-out/>
</testsuite> <!-- TestNG.priority -->
