<?xml version="1.0" encoding="UTF-8"?>
<!-- Generated by org.testng.reporters.JUnitReportReporter -->
<testsuite hostname="LAPTOP-FO3B0EN3" failures="0" tests="4" name="TestNG.TestNG1" time="31.970" errors="0" timestamp="2022-11-08T22:27:03 IST" skipped="0">
  <testcase classname="TestNG.TestNG1" name="testmethod1" time="31.965"/>
  <system-out/>
  <testcase classname="TestNG.TestNG1" name="testmethod2" time="0.002"/>
  <system-out/>
  <testcase classname="TestNG.TestNG1" name="testmethod2" time="0.002"/>
  <system-out/>
  <testcase classname="TestNG.TestNG1" name="testmethod2" time="0.001"/>
  <system-out/>
</testsuite> <!-- TestNG.TestNG1 -->
