<?xml version="1.0" encoding="UTF-8"?>
<!-- Generated by org.testng.reporters.JUnitReportReporter -->
<testsuite hostname="LAPTOP-FO3B0EN3" failures="0" tests="1" name="TestNG.Groups" time="0.008" errors="0" timestamp="2022-11-09T16:14:08 IST" skipped="0">
  <testcase classname="TestNG.Groups" name="end" time="0.008"/>
  <system-out/>
</testsuite> <!-- TestNG.Groups -->
