<?xml version="1.0" encoding="UTF-8"?>
<!-- Generated by org.testng.reporters.JUnitReportReporter -->
<testsuite hostname="LAPTOP-FO3B0EN3" failures="0" tests="1" name="aqmx.ActiveAlerts" time="1.064" errors="0" timestamp="2024-08-24T00:00:55 IST" skipped="0">
  <testcase classname="aqmx.ActiveAlerts" name="validlogin" time="1.064"/>
  <system-out/>
</testsuite> <!-- aqmx.ActiveAlerts -->
